#
# There is insufficient memory for the Java Runtime Environment to continue.
# Native memory allocation (mmap) failed to map 100663296 bytes for G1 virtual space
# Possible reasons:
#   The system is out of physical RAM or swap space
#   The process is running with CompressedOops enabled, and the Java Heap may be blocking the growth of the native heap
# Possible solutions:
#   Reduce memory load on the system
#   Increase physical memory or swap space
#   Check if swap backing store is full
#   Decrease Java heap size (-Xmx/-Xms)
#   Decrease number of Java threads
#   Decrease Java thread stack sizes (-Xss)
#   Set larger code cache with -XX:ReservedCodeCacheSize=
#   JVM is running with Unscaled Compressed Oops mode in which the Java heap is
#     placed in the first 4GB address space. The Java Heap base address is the
#     maximum limit for the native heap growth. Please use -XX:HeapBaseMinAddress
#     to set the Java Heap base and to place the Java Heap above 4GB virtual address.
# This output file may be truncated or incomplete.
#
#  Out of Memory Error (os_windows.cpp:3532), pid=9348, tid=5372
#
# JRE version:  (17.0.2+8) (build )
# Java VM: OpenJDK 64-Bit Server VM (17.0.2+8-86, mixed mode, sharing, tiered, compressed oops, compressed class ptrs, g1 gc, windows-amd64)
# No core dump will be written. Minidumps are not enabled by default on client versions of Windows
#

---------------  S U M M A R Y ------------

Command Line: -javaagent:A:\Arquivos de Programas\IntelliJ IDEA Community Edition 2021.3.3\lib\idea_rt.jar=52710:A:\Arquivos de Programas\IntelliJ IDEA Community Edition 2021.3.3\bin -Dfile.encoding=UTF-8 br.edu.fafic.es.Main

Host: Intel(R) Core(TM) i5-3230M CPU @ 2.60GHz, 4 cores, 5G,  Windows 10 , 64 bit Build 19041 (10.0.19041.1348)
Time: Fri Apr  8 22:12:58 2022 Hora oficial do Brasil elapsed time: 0.072545 seconds (0d 0h 0m 0s)

---------------  T H R E A D  ---------------

Current thread (0x000001e8baddfa10):  JavaThread "Unknown thread" [_thread_in_vm, id=5372, stack(0x00000011d3400000,0x00000011d3500000)]

Stack: [0x00000011d3400000,0x00000011d3500000]
Native frames: (J=compiled Java code, j=interpreted, Vv=VM code, C=native code)
V  [jvm.dll+0x670baa]
V  [jvm.dll+0x7cfcb4]
V  [jvm.dll+0x7d145e]
V  [jvm.dll+0x7d1ac3]
V  [jvm.dll+0x242bc5]
V  [jvm.dll+0x66dac9]
V  [jvm.dll+0x662412]
V  [jvm.dll+0x300c0b]
V  [jvm.dll+0x3081a6]
V  [jvm.dll+0x357d0e]
V  [jvm.dll+0x357f3f]
V  [jvm.dll+0x2d7ec8]
V  [jvm.dll+0x2d8e34]
V  [jvm.dll+0x7a18c1]
V  [jvm.dll+0x365a91]
V  [jvm.dll+0x780d2c]
V  [jvm.dll+0x3e845f]
V  [jvm.dll+0x3e9f01]
C  [jli.dll+0x527b]
C  [ucrtbase.dll+0x21bb2]
C  [KERNEL32.DLL+0x17034]
C  [ntdll.dll+0x52651]


---------------  P R O C E S S  ---------------

Threads class SMR info:
_java_thread_list=0x00007ff96d6a9858, length=0, elements={
}

Java Threads: ( => current thread )

Other Threads:
  0x000001e8bae15db0 GCTaskThread "GC Thread#0" [stack: 0x00000011d3500000,0x00000011d3600000] [id=4044]
  0x000001e8bae22930 ConcurrentGCThread "G1 Main Marker" [stack: 0x00000011d3600000,0x00000011d3700000] [id=2312]
  0x000001e8bae23410 ConcurrentGCThread "G1 Conc#0" [stack: 0x00000011d3700000,0x00000011d3800000] [id=5808]

[error occurred during error reporting (printing all threads), id 0xc0000005, EXCEPTION_ACCESS_VIOLATION (0xc0000005) at pc=0x00007ff96cef88a7]

VM state: not at safepoint (not fully initialized)

VM Mutex/Monitor currently owned by a thread:  ([mutex/lock_event])
[0x000001e8baddc520] Heap_lock - owner thread: 0x000001e8baddfa10

Heap address: 0x00000000a1e00000, size: 1506 MB, Compressed Oops mode: 32-bit

CDS archive(s) mapped at: [0x0000000000000000-0x0000000000000000-0x0000000000000000), size 0, SharedBaseAddress: 0x0000000800000000, ArchiveRelocationMode: 0.
Narrow klass base: 0x0000000000000000, Narrow klass shift: 0, Narrow klass range: 0x0

GC Precious Log:
<Empty>

Heap:
 garbage-first heap   total 0K, used 0K [0x00000000a1e00000, 0x0000000100000000)
  region size 1024K, 0 young (0K), 0 survivors (0K)

[error occurred during error reporting (printing heap information), id 0xc0000005, EXCEPTION_ACCESS_VIOLATION (0xc0000005) at pc=0x00007ff96d2d9f19]

GC Heap History (0 events):
No events

Deoptimization events (0 events):
No events

Classes unloaded (0 events):
No events

Classes redefined (0 events):
No events

Internal exceptions (0 events):
No events

VM Operations (0 events):
No events

Events (1 events):
Event: 0.029 Loaded shared library C:\Users\danil\.jdks\openjdk-17.0.2\bin\java.dll


Dynamic libraries:
0x00007ff7aa980000 - 0x00007ff7aa98e000 	C:\Users\danil\.jdks\openjdk-17.0.2\bin\java.exe
0x00007ff9bfbd0000 - 0x00007ff9bfdc5000 	C:\Windows\SYSTEM32\ntdll.dll
0x00007ff99a950000 - 0x00007ff99a966000 	A:\Arquivos de Programas\Avast free\aswhook.dll
0x00007ff9be1e0000 - 0x00007ff9be29e000 	C:\Windows\System32\KERNEL32.DLL
0x00007ff9bd940000 - 0x00007ff9bdc08000 	C:\Windows\System32\KERNELBASE.dll
0x00007ff9bd3f0000 - 0x00007ff9bd4f0000 	C:\Windows\System32\ucrtbase.dll
0x00007ff9b78d0000 - 0x00007ff9b78ea000 	C:\Users\danil\.jdks\openjdk-17.0.2\bin\VCRUNTIME140.dll
0x00007ff9b78f0000 - 0x00007ff9b7908000 	C:\Users\danil\.jdks\openjdk-17.0.2\bin\jli.dll
0x00007ff9be030000 - 0x00007ff9be1d1000 	C:\Windows\System32\USER32.dll
0x00007ff9aef00000 - 0x00007ff9af19a000 	C:\Windows\WinSxS\amd64_microsoft.windows.common-controls_6595b64144ccf1df_6.0.19041.1110_none_60b5254171f9507e\COMCTL32.dll
0x00007ff9bee20000 - 0x00007ff9beebe000 	C:\Windows\System32\msvcrt.dll
0x00007ff9bed90000 - 0x00007ff9bedbb000 	C:\Windows\System32\GDI32.dll
0x00007ff9bd660000 - 0x00007ff9bd682000 	C:\Windows\System32\win32u.dll
0x00007ff9bd2e0000 - 0x00007ff9bd3ed000 	C:\Windows\System32\gdi32full.dll
0x00007ff9bd740000 - 0x00007ff9bd7dd000 	C:\Windows\System32\msvcp_win.dll
0x00007ff9bdc10000 - 0x00007ff9bdc40000 	C:\Windows\System32\IMM32.DLL
0x00007ff9baa30000 - 0x00007ff9baa3c000 	C:\Users\danil\.jdks\openjdk-17.0.2\bin\vcruntime140_1.dll
0x00007ff9a4de0000 - 0x00007ff9a4e6d000 	C:\Users\danil\.jdks\openjdk-17.0.2\bin\msvcp140.dll
0x00007ff96cc10000 - 0x00007ff96d7d1000 	C:\Users\danil\.jdks\openjdk-17.0.2\bin\server\jvm.dll
0x00007ff9bf050000 - 0x00007ff9bf0fc000 	C:\Windows\System32\ADVAPI32.dll
0x00007ff9be300000 - 0x00007ff9be39b000 	C:\Windows\System32\sechost.dll
0x00007ff9bf100000 - 0x00007ff9bf22a000 	C:\Windows\System32\RPCRT4.dll
0x00007ff9beb10000 - 0x00007ff9beb18000 	C:\Windows\System32\PSAPI.DLL
0x00007ff9ae2f0000 - 0x00007ff9ae2f9000 	C:\Windows\SYSTEM32\WSOCK32.dll
0x00007ff9beaa0000 - 0x00007ff9beb0b000 	C:\Windows\System32\WS2_32.dll
0x00007ff99ff60000 - 0x00007ff99ff87000 	C:\Windows\SYSTEM32\WINMM.dll
0x00007ff9b6010000 - 0x00007ff9b601a000 	C:\Windows\SYSTEM32\VERSION.dll
0x00007ff9bb1d0000 - 0x00007ff9bb1e2000 	C:\Windows\SYSTEM32\kernel.appcore.dll
0x00007ff9b8d20000 - 0x00007ff9b8d2a000 	C:\Users\danil\.jdks\openjdk-17.0.2\bin\jimage.dll
0x00007ff9b2aa0000 - 0x00007ff9b2c84000 	C:\Windows\SYSTEM32\DBGHELP.DLL
0x00007ff9b25e0000 - 0x00007ff9b260c000 	C:\Windows\SYSTEM32\dbgcore.DLL
0x00007ff9bd5d0000 - 0x00007ff9bd652000 	C:\Windows\System32\bcryptPrimitives.dll
0x00007ff9b8170000 - 0x00007ff9b817e000 	C:\Users\danil\.jdks\openjdk-17.0.2\bin\instrument.dll
0x00007ff9b7800000 - 0x00007ff9b7825000 	C:\Users\danil\.jdks\openjdk-17.0.2\bin\java.dll

dbghelp: loaded successfully - version: 4.0.5 - missing functions: none
symbol engine: initialized successfully - sym options: 0x614 - pdb path: .;C:\Users\danil\.jdks\openjdk-17.0.2\bin;C:\Windows\SYSTEM32;A:\Arquivos de Programas\Avast free;C:\Windows\WinSxS\amd64_microsoft.windows.common-controls_6595b64144ccf1df_6.0.19041.1110_none_60b5254171f9507e;C:\Users\danil\.jdks\openjdk-17.0.2\bin\server

VM Arguments:
jvm_args: -javaagent:A:\Arquivos de Programas\IntelliJ IDEA Community Edition 2021.3.3\lib\idea_rt.jar=52710:A:\Arquivos de Programas\IntelliJ IDEA Community Edition 2021.3.3\bin -Dfile.encoding=UTF-8 
java_command: br.edu.fafic.es.Main
java_class_path (initial): A:\Sistema Bancário\out\production\sistema_bancário
Launcher Type: SUN_STANDARD

[Global flags]
     intx CICompilerCount                          = 3                                         {product} {ergonomic}
     uint ConcGCThreads                            = 1                                         {product} {ergonomic}
     uint G1ConcRefinementThreads                  = 4                                         {product} {ergonomic}
   size_t G1HeapRegionSize                         = 1048576                                   {product} {ergonomic}
    uintx GCDrainStackTargetSize                   = 64                                        {product} {ergonomic}
   size_t InitialHeapSize                          = 100663296                                 {product} {ergonomic}
   size_t MarkStackSize                            = 4194304                                   {product} {ergonomic}
   size_t MaxHeapSize                              = 1579155456                                {product} {ergonomic}
   size_t MinHeapDeltaBytes                        = 1048576                                   {product} {ergonomic}
   size_t MinHeapSize                              = 8388608                                   {product} {ergonomic}
    uintx NonNMethodCodeHeapSize                   = 5832780                                {pd product} {ergonomic}
    uintx NonProfiledCodeHeapSize                  = 122912730                              {pd product} {ergonomic}
    uintx ProfiledCodeHeapSize                     = 122912730                              {pd product} {ergonomic}
    uintx ReservedCodeCacheSize                    = 251658240                              {pd product} {ergonomic}
     bool SegmentedCodeCache                       = true                                      {product} {ergonomic}
   size_t SoftMaxHeapSize                          = 1579155456                             {manageable} {ergonomic}
     bool UseCompressedClassPointers               = true                           {product lp64_product} {ergonomic}
     bool UseCompressedOops                        = true                           {product lp64_product} {ergonomic}
     bool UseG1GC                                  = true                                      {product} {ergonomic}
     bool UseLargePagesIndividualAllocation        = false                                  {pd product} {ergonomic}

Logging:
Log output configuration:
 #0: stdout all=warning uptime,level,tags
 #1: stderr all=off uptime,level,tags

Environment Variables:
JAVA_HOME=A:\Arquivos de Programas\.jdks17
PATH=A:\Arquivos de Programas\Scripts\;A:\Arquivos de Programas\;C:\Windows\system32;C:\Windows;C:\Windows\System32\Wbem;C:\Windows\System32\WindowsPowerShell\v1.0\;C:\Windows\System32\OpenSSH\;A:\Arquivos de Programas\Git\cmd;A:\Arquivos de Programas\.jdks17\bin;A:\Arquivos de Programas\dev\apache-maven-3.8.5\bin;C:\Users\danil\AppData\Local\Microsoft\WindowsApps;A:\Arquivos de Programas\PyCharm Community Edition 2021.1.1\bin;;A:\Arquivos de Programas\PyCharm 2021.3.3\bin;;A:\Arquivos de Programas\Microsoft VS Code\bin
USERNAME=Emanuel Matias
OS=Windows_NT
PROCESSOR_IDENTIFIER=Intel64 Family 6 Model 58 Stepping 9, GenuineIntel



---------------  S Y S T E M  ---------------

OS:
 Windows 10 , 64 bit Build 19041 (10.0.19041.1348)
OS uptime: 0 days 1:49 hours

CPU: total 4 (initial active 4) (2 cores per cpu, 2 threads per core) family 6 model 58 stepping 9 microcode 0x21, cx8, cmov, fxsr, ht, mmx, sse, sse2, sse3, ssse3, sse4.1, sse4.2, popcnt, tsc, tscinvbit, avx, aes, erms, clmul, vzeroupper, clflush

Memory: 4k page, system-wide physical 6019M (1028M free)
TotalPageFile size 6084M (AvailPageFile size 41M)
current process WorkingSet (physical memory assigned to process): 10M, peak: 10M
current process commit charge ("private bytes"): 51M, peak: 147M

vm_info: OpenJDK 64-Bit Server VM (17.0.2+8-86) for windows-amd64 JRE (17.0.2+8-86), built on Dec  7 2021 21:49:10 by "mach5one" with MS VC++ 16.8 / 16.9 (VS2019)

END.
